<?xml version="1.0" encoding="UTF-8"?>
<testsuite name="com.feefo.assesment.utils.StringUtilsTest" tests="1" skipped="0" failures="0" errors="0" timestamp="2022-07-21T18:51:06" hostname="DESKTOP-OOMS4I1" time="0.001">
  <properties/>
  <testcase name="stringFromCapitalizedSnakeCase()" classname="com.feefo.assesment.utils.StringUtilsTest" time="0.001"/>
  <system-out><![CDATA[]]></system-out>
  <system-err><![CDATA[]]></system-err>
</testsuite>
